Analysis & Synthesis report for Cerradura
Wed May 31 13:01:11 2023
Quartus Prime Version 20.1.0 Build 711 06/05/2020 SJ Lite Edition


---------------------
; Table of Contents ;
---------------------
  1. Legal Notice
  2. Analysis & Synthesis Summary
  3. Analysis & Synthesis Settings
  4. Parallel Compilation
  5. Analysis & Synthesis Source Files Read
  6. Analysis & Synthesis Resource Usage Summary
  7. Analysis & Synthesis Resource Utilization by Entity
  8. Registers Removed During Synthesis
  9. Removed Registers Triggering Further Register Optimizations
 10. General Register Statistics
 11. Inverted Register Statistics
 12. Multiplexer Restructuring Statistics (Restructuring Performed)
 13. Port Connectivity Checks: "div_frec:clkServo"
 14. Port Connectivity Checks: "div_frec:clkBeep"
 15. Port Connectivity Checks: "div_frec:clkClave"
 16. Port Connectivity Checks: "div_frec:clkTemporizador"
 17. Post-Synthesis Netlist Statistics for Top Partition
 18. Elapsed Time Per Partition
 19. Analysis & Synthesis Messages



----------------
; Legal Notice ;
----------------
Copyright (C) 2020  Intel Corporation. All rights reserved.
Your use of Intel Corporation's design tools, logic functions 
and other software and tools, and any partner logic 
functions, and any output files from any of the foregoing 
(including device programming or simulation files), and any 
associated documentation or information are expressly subject 
to the terms and conditions of the Intel Program License 
Subscription Agreement, the Intel Quartus Prime License Agreement,
the Intel FPGA IP License Agreement, or other applicable license
agreement, including, without limitation, that your use is for
the sole purpose of programming logic devices manufactured by
Intel and sold by Intel or its authorized distributors.  Please
refer to the applicable agreement for further details, at
https://fpgasoftware.intel.com/eula.



+----------------------------------------------------------------------------------+
; Analysis & Synthesis Summary                                                     ;
+------------------------------------+---------------------------------------------+
; Analysis & Synthesis Status        ; Successful - Wed May 31 13:01:11 2023       ;
; Quartus Prime Version              ; 20.1.0 Build 711 06/05/2020 SJ Lite Edition ;
; Revision Name                      ; Cerradura                                   ;
; Top-level Entity Name              ; Main                                        ;
; Family                             ; Cyclone IV E                                ;
; Total logic elements               ; 337                                         ;
;     Total combinational functions  ; 322                                         ;
;     Dedicated logic registers      ; 207                                         ;
; Total registers                    ; 207                                         ;
; Total pins                         ; 14                                          ;
; Total virtual pins                 ; 0                                           ;
; Total memory bits                  ; 0                                           ;
; Embedded Multiplier 9-bit elements ; 0                                           ;
; Total PLLs                         ; 0                                           ;
+------------------------------------+---------------------------------------------+


+------------------------------------------------------------------------------------------------------------+
; Analysis & Synthesis Settings                                                                              ;
+------------------------------------------------------------------+--------------------+--------------------+
; Option                                                           ; Setting            ; Default Value      ;
+------------------------------------------------------------------+--------------------+--------------------+
; Device                                                           ; EP4CE6E22C8        ;                    ;
; Top-level entity name                                            ; Main               ; Cerradura          ;
; Family name                                                      ; Cyclone IV E       ; Cyclone V          ;
; Use smart compilation                                            ; Off                ; Off                ;
; Enable parallel Assembler and Timing Analyzer during compilation ; On                 ; On                 ;
; Enable compact report table                                      ; Off                ; Off                ;
; Restructure Multiplexers                                         ; Auto               ; Auto               ;
; Create Debugging Nodes for IP Cores                              ; Off                ; Off                ;
; Preserve fewer node names                                        ; On                 ; On                 ;
; Intel FPGA IP Evaluation Mode                                    ; Enable             ; Enable             ;
; Verilog Version                                                  ; Verilog_2001       ; Verilog_2001       ;
; VHDL Version                                                     ; VHDL_1993          ; VHDL_1993          ;
; State Machine Processing                                         ; Auto               ; Auto               ;
; Safe State Machine                                               ; Off                ; Off                ;
; Extract Verilog State Machines                                   ; On                 ; On                 ;
; Extract VHDL State Machines                                      ; On                 ; On                 ;
; Ignore Verilog initial constructs                                ; Off                ; Off                ;
; Iteration limit for constant Verilog loops                       ; 5000               ; 5000               ;
; Iteration limit for non-constant Verilog loops                   ; 250                ; 250                ;
; Add Pass-Through Logic to Inferred RAMs                          ; On                 ; On                 ;
; Infer RAMs from Raw Logic                                        ; On                 ; On                 ;
; Parallel Synthesis                                               ; On                 ; On                 ;
; DSP Block Balancing                                              ; Auto               ; Auto               ;
; NOT Gate Push-Back                                               ; On                 ; On                 ;
; Power-Up Don't Care                                              ; On                 ; On                 ;
; Remove Redundant Logic Cells                                     ; Off                ; Off                ;
; Remove Duplicate Registers                                       ; On                 ; On                 ;
; Ignore CARRY Buffers                                             ; Off                ; Off                ;
; Ignore CASCADE Buffers                                           ; Off                ; Off                ;
; Ignore GLOBAL Buffers                                            ; Off                ; Off                ;
; Ignore ROW GLOBAL Buffers                                        ; Off                ; Off                ;
; Ignore LCELL Buffers                                             ; Off                ; Off                ;
; Ignore SOFT Buffers                                              ; On                 ; On                 ;
; Limit AHDL Integers to 32 Bits                                   ; Off                ; Off                ;
; Optimization Technique                                           ; Balanced           ; Balanced           ;
; Carry Chain Length                                               ; 70                 ; 70                 ;
; Auto Carry Chains                                                ; On                 ; On                 ;
; Auto Open-Drain Pins                                             ; On                 ; On                 ;
; Perform WYSIWYG Primitive Resynthesis                            ; Off                ; Off                ;
; Auto ROM Replacement                                             ; On                 ; On                 ;
; Auto RAM Replacement                                             ; On                 ; On                 ;
; Auto DSP Block Replacement                                       ; On                 ; On                 ;
; Auto Shift Register Replacement                                  ; Auto               ; Auto               ;
; Allow Shift Register Merging across Hierarchies                  ; Auto               ; Auto               ;
; Auto Clock Enable Replacement                                    ; On                 ; On                 ;
; Strict RAM Replacement                                           ; Off                ; Off                ;
; Allow Synchronous Control Signals                                ; On                 ; On                 ;
; Force Use of Synchronous Clear Signals                           ; Off                ; Off                ;
; Auto RAM Block Balancing                                         ; On                 ; On                 ;
; Auto RAM to Logic Cell Conversion                                ; Off                ; Off                ;
; Auto Resource Sharing                                            ; Off                ; Off                ;
; Allow Any RAM Size For Recognition                               ; Off                ; Off                ;
; Allow Any ROM Size For Recognition                               ; Off                ; Off                ;
; Allow Any Shift Register Size For Recognition                    ; Off                ; Off                ;
; Use LogicLock Constraints during Resource Balancing              ; On                 ; On                 ;
; Ignore translate_off and synthesis_off directives                ; Off                ; Off                ;
; Timing-Driven Synthesis                                          ; On                 ; On                 ;
; Report Parameter Settings                                        ; On                 ; On                 ;
; Report Source Assignments                                        ; On                 ; On                 ;
; Report Connectivity Checks                                       ; On                 ; On                 ;
; Ignore Maximum Fan-Out Assignments                               ; Off                ; Off                ;
; Synchronization Register Chain Length                            ; 2                  ; 2                  ;
; Power Optimization During Synthesis                              ; Normal compilation ; Normal compilation ;
; HDL message level                                                ; Level2             ; Level2             ;
; Suppress Register Optimization Related Messages                  ; Off                ; Off                ;
; Number of Removed Registers Reported in Synthesis Report         ; 5000               ; 5000               ;
; Number of Swept Nodes Reported in Synthesis Report               ; 5000               ; 5000               ;
; Number of Inverted Registers Reported in Synthesis Report        ; 100                ; 100                ;
; Clock MUX Protection                                             ; On                 ; On                 ;
; Auto Gated Clock Conversion                                      ; Off                ; Off                ;
; Block Design Naming                                              ; Auto               ; Auto               ;
; SDC constraint protection                                        ; Off                ; Off                ;
; Synthesis Effort                                                 ; Auto               ; Auto               ;
; Shift Register Replacement - Allow Asynchronous Clear Signal     ; On                 ; On                 ;
; Pre-Mapping Resynthesis Optimization                             ; Off                ; Off                ;
; Analysis & Synthesis Message Level                               ; Medium             ; Medium             ;
; Disable Register Merging Across Hierarchies                      ; Auto               ; Auto               ;
; Resource Aware Inference For Block RAM                           ; On                 ; On                 ;
+------------------------------------------------------------------+--------------------+--------------------+


+------------------------------------------+
; Parallel Compilation                     ;
+----------------------------+-------------+
; Processors                 ; Number      ;
+----------------------------+-------------+
; Number detected on machine ; 8           ;
; Maximum allowed            ; 4           ;
;                            ;             ;
; Average used               ; 1.00        ;
; Maximum used               ; 4           ;
;                            ;             ;
; Usage by Processor         ; % Time Used ;
;     Processor 1            ; 100.0%      ;
;     Processor 2            ;   0.0%      ;
;     Processors 3-4         ;   0.0%      ;
+----------------------------+-------------+


+-------------------------------------------------------------------------------------------------------------------------------------+
; Analysis & Synthesis Source Files Read                                                                                              ;
+----------------------------------+-----------------+-----------------+----------------------------------------------------+---------+
; File Name with User-Entered Path ; Used in Netlist ; File Type       ; File Name with Absolute Path                       ; Library ;
+----------------------------------+-----------------+-----------------+----------------------------------------------------+---------+
; FCV.vhd                          ; yes             ; User VHDL File  ; D:/Digital/Proyecto/FPGACerradura/FCV.vhd          ;         ;
; Main.vhd                         ; yes             ; User VHDL File  ; D:/Digital/Proyecto/FPGACerradura/Main.vhd         ;         ;
; LED.vhd                          ; yes             ; User VHDL File  ; D:/Digital/Proyecto/FPGACerradura/LED.vhd          ;         ;
; CLAVE.vhd                        ; yes             ; User VHDL File  ; D:/Digital/Proyecto/FPGACerradura/CLAVE.vhd        ;         ;
; div_frec.vhd                     ; yes             ; User VHDL File  ; D:/Digital/Proyecto/FPGACerradura/div_frec.vhd     ;         ;
; SERVO.vhd                        ; yes             ; User VHDL File  ; D:/Digital/Proyecto/FPGACerradura/SERVO.vhd        ;         ;
; Temporizador.vhd                 ; yes             ; User VHDL File  ; D:/Digital/Proyecto/FPGACerradura/Temporizador.vhd ;         ;
; Huella.vhd                       ; yes             ; User VHDL File  ; D:/Digital/Proyecto/FPGACerradura/Huella.vhd       ;         ;
+----------------------------------+-----------------+-----------------+----------------------------------------------------+---------+


+---------------------------------------------------------+
; Analysis & Synthesis Resource Usage Summary             ;
+---------------------------------------------+-----------+
; Resource                                    ; Usage     ;
+---------------------------------------------+-----------+
; Estimated Total logic elements              ; 337       ;
;                                             ;           ;
; Total combinational functions               ; 322       ;
; Logic element usage by number of LUT inputs ;           ;
;     -- 4 input functions                    ; 79        ;
;     -- 3 input functions                    ; 46        ;
;     -- <=2 input functions                  ; 197       ;
;                                             ;           ;
; Logic elements by mode                      ;           ;
;     -- normal mode                          ; 139       ;
;     -- arithmetic mode                      ; 183       ;
;                                             ;           ;
; Total registers                             ; 207       ;
;     -- Dedicated logic registers            ; 207       ;
;     -- I/O registers                        ; 0         ;
;                                             ;           ;
; I/O pins                                    ; 14        ;
;                                             ;           ;
; Embedded Multiplier 9-bit elements          ; 0         ;
;                                             ;           ;
; Maximum fan-out node                        ; clk~input ;
; Maximum fan-out                             ; 123       ;
; Total fan-out                               ; 1341      ;
; Average fan-out                             ; 2.41      ;
+---------------------------------------------+-----------+


+-------------------------------------------------------------------------------------------------------------------------------------------------------------------------------------------------------------------------+
; Analysis & Synthesis Resource Utilization by Entity                                                                                                                                                                     ;
+-------------------------------+---------------------+---------------------------+-------------+--------------+---------+-----------+------+--------------+--------------------------------+--------------+--------------+
; Compilation Hierarchy Node    ; Combinational ALUTs ; Dedicated Logic Registers ; Memory Bits ; DSP Elements ; DSP 9x9 ; DSP 18x18 ; Pins ; Virtual Pins ; Full Hierarchy Name            ; Entity Name  ; Library Name ;
+-------------------------------+---------------------+---------------------------+-------------+--------------+---------+-----------+------+--------------+--------------------------------+--------------+--------------+
; |Main                         ; 322 (5)             ; 207 (0)                   ; 0           ; 0            ; 0       ; 0         ; 14   ; 0            ; |Main                          ; Main         ; work         ;
;    |CLAVE:funcCLAVE|          ; 12 (12)             ; 19 (19)                   ; 0           ; 0            ; 0       ; 0         ; 0    ; 0            ; |Main|CLAVE:funcCLAVE          ; CLAVE        ; work         ;
;    |SERVO:pwm|                ; 61 (61)             ; 33 (33)                   ; 0           ; 0            ; 0       ; 0         ; 0    ; 0            ; |Main|SERVO:pwm                ; SERVO        ; work         ;
;    |Temporizador:Reinicio|    ; 42 (42)             ; 32 (32)                   ; 0           ; 0            ; 0       ; 0         ; 0    ; 0            ; |Main|Temporizador:Reinicio    ; Temporizador ; work         ;
;    |div_frec:clkBeep|         ; 49 (49)             ; 33 (33)                   ; 0           ; 0            ; 0       ; 0         ; 0    ; 0            ; |Main|div_frec:clkBeep         ; div_frec     ; work         ;
;    |div_frec:clkClave|        ; 53 (53)             ; 29 (29)                   ; 0           ; 0            ; 0       ; 0         ; 0    ; 0            ; |Main|div_frec:clkClave        ; div_frec     ; work         ;
;    |div_frec:clkServo|        ; 47 (47)             ; 33 (33)                   ; 0           ; 0            ; 0       ; 0         ; 0    ; 0            ; |Main|div_frec:clkServo        ; div_frec     ; work         ;
;    |div_frec:clkTemporizador| ; 53 (53)             ; 28 (28)                   ; 0           ; 0            ; 0       ; 0         ; 0    ; 0            ; |Main|div_frec:clkTemporizador ; div_frec     ; work         ;
+-------------------------------+---------------------+---------------------------+-------------+--------------+---------+-----------+------+--------------+--------------------------------+--------------+--------------+
Note: For table entries with two numbers listed, the numbers in parentheses indicate the number of resources of the given type used by the specific entity alone. The numbers listed outside of parentheses indicate the total resources of the given type used by the specific entity and all of its sub-entities in the hierarchy.


+----------------------------------------------------------------------------------------------+
; Registers Removed During Synthesis                                                           ;
+-----------------------------------------+----------------------------------------------------+
; Register name                           ; Reason for Removal                                 ;
+-----------------------------------------+----------------------------------------------------+
; CLAVE:funcCLAVE|clave_ingresada[0][11]  ; Merged with CLAVE:funcCLAVE|clave_ingresada[0][10] ;
; CLAVE:funcCLAVE|clave_ingresada[0][12]  ; Merged with CLAVE:funcCLAVE|clave_ingresada[0][10] ;
; CLAVE:funcCLAVE|clave_ingresada[0][13]  ; Merged with CLAVE:funcCLAVE|clave_ingresada[0][10] ;
; CLAVE:funcCLAVE|clave_ingresada[0][14]  ; Merged with CLAVE:funcCLAVE|clave_ingresada[0][10] ;
; CLAVE:funcCLAVE|clave_ingresada[0][15]  ; Merged with CLAVE:funcCLAVE|clave_ingresada[0][10] ;
; CLAVE:funcCLAVE|clave_ingresada[0][16]  ; Merged with CLAVE:funcCLAVE|clave_ingresada[0][10] ;
; CLAVE:funcCLAVE|clave_ingresada[0][17]  ; Merged with CLAVE:funcCLAVE|clave_ingresada[0][10] ;
; CLAVE:funcCLAVE|clave_ingresada[0][18]  ; Merged with CLAVE:funcCLAVE|clave_ingresada[0][10] ;
; CLAVE:funcCLAVE|clave_ingresada[0][19]  ; Merged with CLAVE:funcCLAVE|clave_ingresada[0][10] ;
; CLAVE:funcCLAVE|clave_ingresada[0][20]  ; Merged with CLAVE:funcCLAVE|clave_ingresada[0][10] ;
; CLAVE:funcCLAVE|clave_ingresada[0][21]  ; Merged with CLAVE:funcCLAVE|clave_ingresada[0][10] ;
; CLAVE:funcCLAVE|clave_ingresada[0][22]  ; Merged with CLAVE:funcCLAVE|clave_ingresada[0][10] ;
; CLAVE:funcCLAVE|clave_ingresada[0][23]  ; Merged with CLAVE:funcCLAVE|clave_ingresada[0][10] ;
; CLAVE:funcCLAVE|clave_ingresada[0][24]  ; Merged with CLAVE:funcCLAVE|clave_ingresada[0][10] ;
; CLAVE:funcCLAVE|clave_ingresada[0][25]  ; Merged with CLAVE:funcCLAVE|clave_ingresada[0][10] ;
; CLAVE:funcCLAVE|clave_ingresada[0][26]  ; Merged with CLAVE:funcCLAVE|clave_ingresada[0][10] ;
; CLAVE:funcCLAVE|clave_ingresada[0][27]  ; Merged with CLAVE:funcCLAVE|clave_ingresada[0][10] ;
; CLAVE:funcCLAVE|clave_ingresada[0][28]  ; Merged with CLAVE:funcCLAVE|clave_ingresada[0][10] ;
; CLAVE:funcCLAVE|clave_ingresada[0][29]  ; Merged with CLAVE:funcCLAVE|clave_ingresada[0][10] ;
; CLAVE:funcCLAVE|clave_ingresada[0][30]  ; Merged with CLAVE:funcCLAVE|clave_ingresada[0][10] ;
; CLAVE:funcCLAVE|clave_ingresada[0][31]  ; Merged with CLAVE:funcCLAVE|clave_ingresada[0][10] ;
; CLAVE:funcCLAVE|clave_ingresada[0][3]   ; Merged with CLAVE:funcCLAVE|clave_ingresada[0][10] ;
; CLAVE:funcCLAVE|clave_ingresada[0][4]   ; Merged with CLAVE:funcCLAVE|clave_ingresada[0][10] ;
; CLAVE:funcCLAVE|clave_ingresada[0][5]   ; Merged with CLAVE:funcCLAVE|clave_ingresada[0][10] ;
; CLAVE:funcCLAVE|clave_ingresada[0][6]   ; Merged with CLAVE:funcCLAVE|clave_ingresada[0][10] ;
; CLAVE:funcCLAVE|clave_ingresada[0][7]   ; Merged with CLAVE:funcCLAVE|clave_ingresada[0][10] ;
; CLAVE:funcCLAVE|clave_ingresada[0][8]   ; Merged with CLAVE:funcCLAVE|clave_ingresada[0][10] ;
; CLAVE:funcCLAVE|clave_ingresada[0][9]   ; Merged with CLAVE:funcCLAVE|clave_ingresada[0][10] ;
; CLAVE:funcCLAVE|clave_ingresada[1][11]  ; Merged with CLAVE:funcCLAVE|clave_ingresada[1][10] ;
; CLAVE:funcCLAVE|clave_ingresada[1][12]  ; Merged with CLAVE:funcCLAVE|clave_ingresada[1][10] ;
; CLAVE:funcCLAVE|clave_ingresada[1][13]  ; Merged with CLAVE:funcCLAVE|clave_ingresada[1][10] ;
; CLAVE:funcCLAVE|clave_ingresada[1][14]  ; Merged with CLAVE:funcCLAVE|clave_ingresada[1][10] ;
; CLAVE:funcCLAVE|clave_ingresada[1][15]  ; Merged with CLAVE:funcCLAVE|clave_ingresada[1][10] ;
; CLAVE:funcCLAVE|clave_ingresada[1][16]  ; Merged with CLAVE:funcCLAVE|clave_ingresada[1][10] ;
; CLAVE:funcCLAVE|clave_ingresada[1][17]  ; Merged with CLAVE:funcCLAVE|clave_ingresada[1][10] ;
; CLAVE:funcCLAVE|clave_ingresada[1][18]  ; Merged with CLAVE:funcCLAVE|clave_ingresada[1][10] ;
; CLAVE:funcCLAVE|clave_ingresada[1][19]  ; Merged with CLAVE:funcCLAVE|clave_ingresada[1][10] ;
; CLAVE:funcCLAVE|clave_ingresada[1][20]  ; Merged with CLAVE:funcCLAVE|clave_ingresada[1][10] ;
; CLAVE:funcCLAVE|clave_ingresada[1][21]  ; Merged with CLAVE:funcCLAVE|clave_ingresada[1][10] ;
; CLAVE:funcCLAVE|clave_ingresada[1][22]  ; Merged with CLAVE:funcCLAVE|clave_ingresada[1][10] ;
; CLAVE:funcCLAVE|clave_ingresada[1][23]  ; Merged with CLAVE:funcCLAVE|clave_ingresada[1][10] ;
; CLAVE:funcCLAVE|clave_ingresada[1][24]  ; Merged with CLAVE:funcCLAVE|clave_ingresada[1][10] ;
; CLAVE:funcCLAVE|clave_ingresada[1][25]  ; Merged with CLAVE:funcCLAVE|clave_ingresada[1][10] ;
; CLAVE:funcCLAVE|clave_ingresada[1][26]  ; Merged with CLAVE:funcCLAVE|clave_ingresada[1][10] ;
; CLAVE:funcCLAVE|clave_ingresada[1][27]  ; Merged with CLAVE:funcCLAVE|clave_ingresada[1][10] ;
; CLAVE:funcCLAVE|clave_ingresada[1][28]  ; Merged with CLAVE:funcCLAVE|clave_ingresada[1][10] ;
; CLAVE:funcCLAVE|clave_ingresada[1][29]  ; Merged with CLAVE:funcCLAVE|clave_ingresada[1][10] ;
; CLAVE:funcCLAVE|clave_ingresada[1][30]  ; Merged with CLAVE:funcCLAVE|clave_ingresada[1][10] ;
; CLAVE:funcCLAVE|clave_ingresada[1][31]  ; Merged with CLAVE:funcCLAVE|clave_ingresada[1][10] ;
; CLAVE:funcCLAVE|clave_ingresada[1][3]   ; Merged with CLAVE:funcCLAVE|clave_ingresada[1][10] ;
; CLAVE:funcCLAVE|clave_ingresada[1][4]   ; Merged with CLAVE:funcCLAVE|clave_ingresada[1][10] ;
; CLAVE:funcCLAVE|clave_ingresada[1][5]   ; Merged with CLAVE:funcCLAVE|clave_ingresada[1][10] ;
; CLAVE:funcCLAVE|clave_ingresada[1][6]   ; Merged with CLAVE:funcCLAVE|clave_ingresada[1][10] ;
; CLAVE:funcCLAVE|clave_ingresada[1][7]   ; Merged with CLAVE:funcCLAVE|clave_ingresada[1][10] ;
; CLAVE:funcCLAVE|clave_ingresada[1][8]   ; Merged with CLAVE:funcCLAVE|clave_ingresada[1][10] ;
; CLAVE:funcCLAVE|clave_ingresada[1][9]   ; Merged with CLAVE:funcCLAVE|clave_ingresada[1][10] ;
; CLAVE:funcCLAVE|clave_ingresada[2][11]  ; Merged with CLAVE:funcCLAVE|clave_ingresada[2][10] ;
; CLAVE:funcCLAVE|clave_ingresada[2][12]  ; Merged with CLAVE:funcCLAVE|clave_ingresada[2][10] ;
; CLAVE:funcCLAVE|clave_ingresada[2][13]  ; Merged with CLAVE:funcCLAVE|clave_ingresada[2][10] ;
; CLAVE:funcCLAVE|clave_ingresada[2][14]  ; Merged with CLAVE:funcCLAVE|clave_ingresada[2][10] ;
; CLAVE:funcCLAVE|clave_ingresada[2][15]  ; Merged with CLAVE:funcCLAVE|clave_ingresada[2][10] ;
; CLAVE:funcCLAVE|clave_ingresada[2][16]  ; Merged with CLAVE:funcCLAVE|clave_ingresada[2][10] ;
; CLAVE:funcCLAVE|clave_ingresada[2][17]  ; Merged with CLAVE:funcCLAVE|clave_ingresada[2][10] ;
; CLAVE:funcCLAVE|clave_ingresada[2][18]  ; Merged with CLAVE:funcCLAVE|clave_ingresada[2][10] ;
; CLAVE:funcCLAVE|clave_ingresada[2][19]  ; Merged with CLAVE:funcCLAVE|clave_ingresada[2][10] ;
; CLAVE:funcCLAVE|clave_ingresada[2][20]  ; Merged with CLAVE:funcCLAVE|clave_ingresada[2][10] ;
; CLAVE:funcCLAVE|clave_ingresada[2][21]  ; Merged with CLAVE:funcCLAVE|clave_ingresada[2][10] ;
; CLAVE:funcCLAVE|clave_ingresada[2][22]  ; Merged with CLAVE:funcCLAVE|clave_ingresada[2][10] ;
; CLAVE:funcCLAVE|clave_ingresada[2][23]  ; Merged with CLAVE:funcCLAVE|clave_ingresada[2][10] ;
; CLAVE:funcCLAVE|clave_ingresada[2][24]  ; Merged with CLAVE:funcCLAVE|clave_ingresada[2][10] ;
; CLAVE:funcCLAVE|clave_ingresada[2][25]  ; Merged with CLAVE:funcCLAVE|clave_ingresada[2][10] ;
; CLAVE:funcCLAVE|clave_ingresada[2][26]  ; Merged with CLAVE:funcCLAVE|clave_ingresada[2][10] ;
; CLAVE:funcCLAVE|clave_ingresada[2][27]  ; Merged with CLAVE:funcCLAVE|clave_ingresada[2][10] ;
; CLAVE:funcCLAVE|clave_ingresada[2][28]  ; Merged with CLAVE:funcCLAVE|clave_ingresada[2][10] ;
; CLAVE:funcCLAVE|clave_ingresada[2][29]  ; Merged with CLAVE:funcCLAVE|clave_ingresada[2][10] ;
; CLAVE:funcCLAVE|clave_ingresada[2][30]  ; Merged with CLAVE:funcCLAVE|clave_ingresada[2][10] ;
; CLAVE:funcCLAVE|clave_ingresada[2][31]  ; Merged with CLAVE:funcCLAVE|clave_ingresada[2][10] ;
; CLAVE:funcCLAVE|clave_ingresada[2][3]   ; Merged with CLAVE:funcCLAVE|clave_ingresada[2][10] ;
; CLAVE:funcCLAVE|clave_ingresada[2][4]   ; Merged with CLAVE:funcCLAVE|clave_ingresada[2][10] ;
; CLAVE:funcCLAVE|clave_ingresada[2][5]   ; Merged with CLAVE:funcCLAVE|clave_ingresada[2][10] ;
; CLAVE:funcCLAVE|clave_ingresada[2][6]   ; Merged with CLAVE:funcCLAVE|clave_ingresada[2][10] ;
; CLAVE:funcCLAVE|clave_ingresada[2][7]   ; Merged with CLAVE:funcCLAVE|clave_ingresada[2][10] ;
; CLAVE:funcCLAVE|clave_ingresada[2][8]   ; Merged with CLAVE:funcCLAVE|clave_ingresada[2][10] ;
; CLAVE:funcCLAVE|clave_ingresada[2][9]   ; Merged with CLAVE:funcCLAVE|clave_ingresada[2][10] ;
; CLAVE:funcCLAVE|clave_ingresada[3][11]  ; Merged with CLAVE:funcCLAVE|clave_ingresada[3][10] ;
; CLAVE:funcCLAVE|clave_ingresada[3][12]  ; Merged with CLAVE:funcCLAVE|clave_ingresada[3][10] ;
; CLAVE:funcCLAVE|clave_ingresada[3][13]  ; Merged with CLAVE:funcCLAVE|clave_ingresada[3][10] ;
; CLAVE:funcCLAVE|clave_ingresada[3][14]  ; Merged with CLAVE:funcCLAVE|clave_ingresada[3][10] ;
; CLAVE:funcCLAVE|clave_ingresada[3][15]  ; Merged with CLAVE:funcCLAVE|clave_ingresada[3][10] ;
; CLAVE:funcCLAVE|clave_ingresada[3][16]  ; Merged with CLAVE:funcCLAVE|clave_ingresada[3][10] ;
; CLAVE:funcCLAVE|clave_ingresada[3][17]  ; Merged with CLAVE:funcCLAVE|clave_ingresada[3][10] ;
; CLAVE:funcCLAVE|clave_ingresada[3][18]  ; Merged with CLAVE:funcCLAVE|clave_ingresada[3][10] ;
; CLAVE:funcCLAVE|clave_ingresada[3][19]  ; Merged with CLAVE:funcCLAVE|clave_ingresada[3][10] ;
; CLAVE:funcCLAVE|clave_ingresada[3][20]  ; Merged with CLAVE:funcCLAVE|clave_ingresada[3][10] ;
; CLAVE:funcCLAVE|clave_ingresada[3][21]  ; Merged with CLAVE:funcCLAVE|clave_ingresada[3][10] ;
; CLAVE:funcCLAVE|clave_ingresada[3][22]  ; Merged with CLAVE:funcCLAVE|clave_ingresada[3][10] ;
; CLAVE:funcCLAVE|clave_ingresada[3][23]  ; Merged with CLAVE:funcCLAVE|clave_ingresada[3][10] ;
; CLAVE:funcCLAVE|clave_ingresada[3][24]  ; Merged with CLAVE:funcCLAVE|clave_ingresada[3][10] ;
; CLAVE:funcCLAVE|clave_ingresada[3][25]  ; Merged with CLAVE:funcCLAVE|clave_ingresada[3][10] ;
; CLAVE:funcCLAVE|clave_ingresada[3][26]  ; Merged with CLAVE:funcCLAVE|clave_ingresada[3][10] ;
; CLAVE:funcCLAVE|clave_ingresada[3][27]  ; Merged with CLAVE:funcCLAVE|clave_ingresada[3][10] ;
; CLAVE:funcCLAVE|clave_ingresada[3][28]  ; Merged with CLAVE:funcCLAVE|clave_ingresada[3][10] ;
; CLAVE:funcCLAVE|clave_ingresada[3][29]  ; Merged with CLAVE:funcCLAVE|clave_ingresada[3][10] ;
; CLAVE:funcCLAVE|clave_ingresada[3][30]  ; Merged with CLAVE:funcCLAVE|clave_ingresada[3][10] ;
; CLAVE:funcCLAVE|clave_ingresada[3][31]  ; Merged with CLAVE:funcCLAVE|clave_ingresada[3][10] ;
; CLAVE:funcCLAVE|clave_ingresada[3][3]   ; Merged with CLAVE:funcCLAVE|clave_ingresada[3][10] ;
; CLAVE:funcCLAVE|clave_ingresada[3][4]   ; Merged with CLAVE:funcCLAVE|clave_ingresada[3][10] ;
; CLAVE:funcCLAVE|clave_ingresada[3][5]   ; Merged with CLAVE:funcCLAVE|clave_ingresada[3][10] ;
; CLAVE:funcCLAVE|clave_ingresada[3][6]   ; Merged with CLAVE:funcCLAVE|clave_ingresada[3][10] ;
; CLAVE:funcCLAVE|clave_ingresada[3][7]   ; Merged with CLAVE:funcCLAVE|clave_ingresada[3][10] ;
; CLAVE:funcCLAVE|clave_ingresada[3][8]   ; Merged with CLAVE:funcCLAVE|clave_ingresada[3][10] ;
; CLAVE:funcCLAVE|clave_ingresada[3][9]   ; Merged with CLAVE:funcCLAVE|clave_ingresada[3][10] ;
; CLAVE:funcCLAVE|clave_ingresada[4][11]  ; Merged with CLAVE:funcCLAVE|clave_ingresada[4][10] ;
; CLAVE:funcCLAVE|clave_ingresada[4][12]  ; Merged with CLAVE:funcCLAVE|clave_ingresada[4][10] ;
; CLAVE:funcCLAVE|clave_ingresada[4][13]  ; Merged with CLAVE:funcCLAVE|clave_ingresada[4][10] ;
; CLAVE:funcCLAVE|clave_ingresada[4][14]  ; Merged with CLAVE:funcCLAVE|clave_ingresada[4][10] ;
; CLAVE:funcCLAVE|clave_ingresada[4][15]  ; Merged with CLAVE:funcCLAVE|clave_ingresada[4][10] ;
; CLAVE:funcCLAVE|clave_ingresada[4][16]  ; Merged with CLAVE:funcCLAVE|clave_ingresada[4][10] ;
; CLAVE:funcCLAVE|clave_ingresada[4][17]  ; Merged with CLAVE:funcCLAVE|clave_ingresada[4][10] ;
; CLAVE:funcCLAVE|clave_ingresada[4][18]  ; Merged with CLAVE:funcCLAVE|clave_ingresada[4][10] ;
; CLAVE:funcCLAVE|clave_ingresada[4][19]  ; Merged with CLAVE:funcCLAVE|clave_ingresada[4][10] ;
; CLAVE:funcCLAVE|clave_ingresada[4][20]  ; Merged with CLAVE:funcCLAVE|clave_ingresada[4][10] ;
; CLAVE:funcCLAVE|clave_ingresada[4][21]  ; Merged with CLAVE:funcCLAVE|clave_ingresada[4][10] ;
; CLAVE:funcCLAVE|clave_ingresada[4][22]  ; Merged with CLAVE:funcCLAVE|clave_ingresada[4][10] ;
; CLAVE:funcCLAVE|clave_ingresada[4][23]  ; Merged with CLAVE:funcCLAVE|clave_ingresada[4][10] ;
; CLAVE:funcCLAVE|clave_ingresada[4][24]  ; Merged with CLAVE:funcCLAVE|clave_ingresada[4][10] ;
; CLAVE:funcCLAVE|clave_ingresada[4][25]  ; Merged with CLAVE:funcCLAVE|clave_ingresada[4][10] ;
; CLAVE:funcCLAVE|clave_ingresada[4][26]  ; Merged with CLAVE:funcCLAVE|clave_ingresada[4][10] ;
; CLAVE:funcCLAVE|clave_ingresada[4][27]  ; Merged with CLAVE:funcCLAVE|clave_ingresada[4][10] ;
; CLAVE:funcCLAVE|clave_ingresada[4][28]  ; Merged with CLAVE:funcCLAVE|clave_ingresada[4][10] ;
; CLAVE:funcCLAVE|clave_ingresada[4][29]  ; Merged with CLAVE:funcCLAVE|clave_ingresada[4][10] ;
; CLAVE:funcCLAVE|clave_ingresada[4][30]  ; Merged with CLAVE:funcCLAVE|clave_ingresada[4][10] ;
; CLAVE:funcCLAVE|clave_ingresada[4][31]  ; Merged with CLAVE:funcCLAVE|clave_ingresada[4][10] ;
; CLAVE:funcCLAVE|clave_ingresada[4][3]   ; Merged with CLAVE:funcCLAVE|clave_ingresada[4][10] ;
; CLAVE:funcCLAVE|clave_ingresada[4][4]   ; Merged with CLAVE:funcCLAVE|clave_ingresada[4][10] ;
; CLAVE:funcCLAVE|clave_ingresada[4][5]   ; Merged with CLAVE:funcCLAVE|clave_ingresada[4][10] ;
; CLAVE:funcCLAVE|clave_ingresada[4][6]   ; Merged with CLAVE:funcCLAVE|clave_ingresada[4][10] ;
; CLAVE:funcCLAVE|clave_ingresada[4][7]   ; Merged with CLAVE:funcCLAVE|clave_ingresada[4][10] ;
; CLAVE:funcCLAVE|clave_ingresada[4][8]   ; Merged with CLAVE:funcCLAVE|clave_ingresada[4][10] ;
; CLAVE:funcCLAVE|clave_ingresada[4][9]   ; Merged with CLAVE:funcCLAVE|clave_ingresada[4][10] ;
; CLAVE:funcCLAVE|clave_ingresada[5][11]  ; Merged with CLAVE:funcCLAVE|clave_ingresada[5][10] ;
; CLAVE:funcCLAVE|clave_ingresada[5][12]  ; Merged with CLAVE:funcCLAVE|clave_ingresada[5][10] ;
; CLAVE:funcCLAVE|clave_ingresada[5][13]  ; Merged with CLAVE:funcCLAVE|clave_ingresada[5][10] ;
; CLAVE:funcCLAVE|clave_ingresada[5][14]  ; Merged with CLAVE:funcCLAVE|clave_ingresada[5][10] ;
; CLAVE:funcCLAVE|clave_ingresada[5][15]  ; Merged with CLAVE:funcCLAVE|clave_ingresada[5][10] ;
; CLAVE:funcCLAVE|clave_ingresada[5][16]  ; Merged with CLAVE:funcCLAVE|clave_ingresada[5][10] ;
; CLAVE:funcCLAVE|clave_ingresada[5][17]  ; Merged with CLAVE:funcCLAVE|clave_ingresada[5][10] ;
; CLAVE:funcCLAVE|clave_ingresada[5][18]  ; Merged with CLAVE:funcCLAVE|clave_ingresada[5][10] ;
; CLAVE:funcCLAVE|clave_ingresada[5][19]  ; Merged with CLAVE:funcCLAVE|clave_ingresada[5][10] ;
; CLAVE:funcCLAVE|clave_ingresada[5][20]  ; Merged with CLAVE:funcCLAVE|clave_ingresada[5][10] ;
; CLAVE:funcCLAVE|clave_ingresada[5][21]  ; Merged with CLAVE:funcCLAVE|clave_ingresada[5][10] ;
; CLAVE:funcCLAVE|clave_ingresada[5][22]  ; Merged with CLAVE:funcCLAVE|clave_ingresada[5][10] ;
; CLAVE:funcCLAVE|clave_ingresada[5][23]  ; Merged with CLAVE:funcCLAVE|clave_ingresada[5][10] ;
; CLAVE:funcCLAVE|clave_ingresada[5][24]  ; Merged with CLAVE:funcCLAVE|clave_ingresada[5][10] ;
; CLAVE:funcCLAVE|clave_ingresada[5][25]  ; Merged with CLAVE:funcCLAVE|clave_ingresada[5][10] ;
; CLAVE:funcCLAVE|clave_ingresada[5][26]  ; Merged with CLAVE:funcCLAVE|clave_ingresada[5][10] ;
; CLAVE:funcCLAVE|clave_ingresada[5][27]  ; Merged with CLAVE:funcCLAVE|clave_ingresada[5][10] ;
; CLAVE:funcCLAVE|clave_ingresada[5][28]  ; Merged with CLAVE:funcCLAVE|clave_ingresada[5][10] ;
; CLAVE:funcCLAVE|clave_ingresada[5][29]  ; Merged with CLAVE:funcCLAVE|clave_ingresada[5][10] ;
; CLAVE:funcCLAVE|clave_ingresada[5][30]  ; Merged with CLAVE:funcCLAVE|clave_ingresada[5][10] ;
; CLAVE:funcCLAVE|clave_ingresada[5][31]  ; Merged with CLAVE:funcCLAVE|clave_ingresada[5][10] ;
; CLAVE:funcCLAVE|clave_ingresada[5][3]   ; Merged with CLAVE:funcCLAVE|clave_ingresada[5][10] ;
; CLAVE:funcCLAVE|clave_ingresada[5][4]   ; Merged with CLAVE:funcCLAVE|clave_ingresada[5][10] ;
; CLAVE:funcCLAVE|clave_ingresada[5][5]   ; Merged with CLAVE:funcCLAVE|clave_ingresada[5][10] ;
; CLAVE:funcCLAVE|clave_ingresada[5][6]   ; Merged with CLAVE:funcCLAVE|clave_ingresada[5][10] ;
; CLAVE:funcCLAVE|clave_ingresada[5][7]   ; Merged with CLAVE:funcCLAVE|clave_ingresada[5][10] ;
; CLAVE:funcCLAVE|clave_ingresada[5][8]   ; Merged with CLAVE:funcCLAVE|clave_ingresada[5][10] ;
; CLAVE:funcCLAVE|clave_ingresada[5][9]   ; Merged with CLAVE:funcCLAVE|clave_ingresada[5][10] ;
; CLAVE:funcCLAVE|clave_ingresada[5][10]  ; Stuck at GND due to stuck port data_in             ;
; CLAVE:funcCLAVE|clave_ingresada[4][10]  ; Stuck at GND due to stuck port data_in             ;
; CLAVE:funcCLAVE|clave_ingresada[3][10]  ; Stuck at GND due to stuck port data_in             ;
; CLAVE:funcCLAVE|clave_ingresada[2][10]  ; Stuck at GND due to stuck port data_in             ;
; CLAVE:funcCLAVE|clave_ingresada[1][10]  ; Stuck at GND due to stuck port data_in             ;
; CLAVE:funcCLAVE|clave_ingresada[0][10]  ; Stuck at GND due to stuck port data_in             ;
; div_frec:clkClave|cuenta[0]             ; Merged with div_frec:clkBeep|cuenta[0]             ;
; div_frec:clkTemporizador|cuenta[0]      ; Merged with div_frec:clkBeep|cuenta[0]             ;
; div_frec:clkTemporizador|cuenta[1]      ; Merged with div_frec:clkBeep|cuenta[1]             ;
; div_frec:clkClave|cuenta[1]             ; Merged with div_frec:clkBeep|cuenta[1]             ;
; div_frec:clkTemporizador|cuenta[2]      ; Merged with div_frec:clkClave|cuenta[2]            ;
; div_frec:clkClave|cuenta[2]             ; Merged with div_frec:clkBeep|cuenta[2]             ;
; div_frec:clkTemporizador|cuenta[3]      ; Merged with div_frec:clkClave|cuenta[3]            ;
; div_frec:clkClave|cuenta[3]             ; Merged with div_frec:clkBeep|cuenta[3]             ;
; div_frec:clkTemporizador|cuenta[4]      ; Merged with div_frec:clkBeep|cuenta[4]             ;
; Total Number of Removed Registers = 183 ;                                                    ;
+-----------------------------------------+----------------------------------------------------+


+------------------------------------------------------------------------------------------------------------------------------------------------------+
; Removed Registers Triggering Further Register Optimizations                                                                                          ;
+----------------------------------------+---------------------------+---------------------------------------------------------------------------------+
; Register name                          ; Reason for Removal        ; Registers Removed due to This Register                                          ;
+----------------------------------------+---------------------------+---------------------------------------------------------------------------------+
; CLAVE:funcCLAVE|clave_ingresada[5][10] ; Stuck at GND              ; CLAVE:funcCLAVE|clave_ingresada[4][10], CLAVE:funcCLAVE|clave_ingresada[3][10], ;
;                                        ; due to stuck port data_in ; CLAVE:funcCLAVE|clave_ingresada[2][10], CLAVE:funcCLAVE|clave_ingresada[1][10], ;
;                                        ;                           ; CLAVE:funcCLAVE|clave_ingresada[0][10]                                          ;
+----------------------------------------+---------------------------+---------------------------------------------------------------------------------+


+------------------------------------------------------+
; General Register Statistics                          ;
+----------------------------------------------+-------+
; Statistic                                    ; Value ;
+----------------------------------------------+-------+
; Total registers                              ; 207   ;
; Number of registers using Synchronous Clear  ; 0     ;
; Number of registers using Synchronous Load   ; 0     ;
; Number of registers using Asynchronous Clear ; 50    ;
; Number of registers using Asynchronous Load  ; 0     ;
; Number of registers using Clock Enable       ; 18    ;
; Number of registers using Preset             ; 0     ;
+----------------------------------------------+-------+


+--------------------------------------------------+
; Inverted Register Statistics                     ;
+----------------------------------------+---------+
; Inverted Register                      ; Fan out ;
+----------------------------------------+---------+
; div_frec:clkBeep|salida                ; 2       ;
; div_frec:clkClave|salida               ; 20      ;
; div_frec:clkBeep|cuenta[0]             ; 4       ;
; SERVO:pwm|cuentaCiclo[0]               ; 3       ;
; div_frec:clkServo|salida               ; 34      ;
; div_frec:clkTemporizador|salida        ; 33      ;
; div_frec:clkServo|cuenta[0]            ; 2       ;
; Total number of inverted registers = 7 ;         ;
+----------------------------------------+---------+


+-----------------------------------------------------------------------------------------------------------------------------------------------------------+
; Multiplexer Restructuring Statistics (Restructuring Performed)                                                                                            ;
+--------------------+-----------+---------------+----------------------+------------------------+------------+---------------------------------------------+
; Multiplexer Inputs ; Bus Width ; Baseline Area ; Area if Restructured ; Saving if Restructured ; Registered ; Example Multiplexer Output                  ;
+--------------------+-----------+---------------+----------------------+------------------------+------------+---------------------------------------------+
; 5:1                ; 3 bits    ; 9 LEs         ; 6 LEs                ; 3 LEs                  ; Yes        ; |Main|CLAVE:funcCLAVE|clave_ingresada[5][0] ;
; 3:1                ; 2 bits    ; 4 LEs         ; 2 LEs                ; 2 LEs                  ; No         ; |Main|LED:funcLED|colorLED.azul             ;
+--------------------+-----------+---------------+----------------------+------------------------+------------+---------------------------------------------+


+----------------------------------------------------+
; Port Connectivity Checks: "div_frec:clkServo"      ;
+------------------+-------+----------+--------------+
; Port             ; Type  ; Severity ; Details      ;
+------------------+-------+----------+--------------+
; fdeseada[20..19] ; Input ; Info     ; Stuck at VCC ;
; fdeseada[10..9]  ; Input ; Info     ; Stuck at VCC ;
; fdeseada[31..24] ; Input ; Info     ; Stuck at GND ;
; fdeseada[22..21] ; Input ; Info     ; Stuck at GND ;
; fdeseada[18..16] ; Input ; Info     ; Stuck at GND ;
; fdeseada[14..13] ; Input ; Info     ; Stuck at GND ;
; fdeseada[6..0]   ; Input ; Info     ; Stuck at GND ;
; fdeseada[23]     ; Input ; Info     ; Stuck at VCC ;
; fdeseada[15]     ; Input ; Info     ; Stuck at VCC ;
; fdeseada[12]     ; Input ; Info     ; Stuck at VCC ;
; fdeseada[11]     ; Input ; Info     ; Stuck at GND ;
; fdeseada[8]      ; Input ; Info     ; Stuck at GND ;
; fdeseada[7]      ; Input ; Info     ; Stuck at VCC ;
+------------------+-------+----------+--------------+


+----------------------------------------------------+
; Port Connectivity Checks: "div_frec:clkBeep"       ;
+------------------+-------+----------+--------------+
; Port             ; Type  ; Severity ; Details      ;
+------------------+-------+----------+--------------+
; fdeseada[13..12] ; Input ; Info     ; Stuck at VCC ;
; fdeseada[7..6]   ; Input ; Info     ; Stuck at VCC ;
; fdeseada[31..14] ; Input ; Info     ; Stuck at GND ;
; fdeseada[11..8]  ; Input ; Info     ; Stuck at GND ;
; fdeseada[1..0]   ; Input ; Info     ; Stuck at GND ;
; fdeseada[5]      ; Input ; Info     ; Stuck at GND ;
; fdeseada[4]      ; Input ; Info     ; Stuck at VCC ;
; fdeseada[3]      ; Input ; Info     ; Stuck at GND ;
; fdeseada[2]      ; Input ; Info     ; Stuck at VCC ;
+------------------+-------+----------+--------------+


+---------------------------------------------------+
; Port Connectivity Checks: "div_frec:clkClave"     ;
+-----------------+-------+----------+--------------+
; Port            ; Type  ; Severity ; Details      ;
+-----------------+-------+----------+--------------+
; fdeseada[31..6] ; Input ; Info     ; Stuck at GND ;
; fdeseada[2..0]  ; Input ; Info     ; Stuck at GND ;
; fdeseada[5]     ; Input ; Info     ; Stuck at VCC ;
; fdeseada[4]     ; Input ; Info     ; Stuck at GND ;
; fdeseada[3]     ; Input ; Info     ; Stuck at VCC ;
+-----------------+-------+----------+--------------+


+------------------------------------------------------+
; Port Connectivity Checks: "div_frec:clkTemporizador" ;
+-----------------+-------+----------+-----------------+
; Port            ; Type  ; Severity ; Details         ;
+-----------------+-------+----------+-----------------+
; fdeseada[31..4] ; Input ; Info     ; Stuck at GND    ;
; fdeseada[3]     ; Input ; Info     ; Stuck at VCC    ;
; fdeseada[2]     ; Input ; Info     ; Stuck at GND    ;
; fdeseada[1]     ; Input ; Info     ; Stuck at VCC    ;
; fdeseada[0]     ; Input ; Info     ; Stuck at GND    ;
+-----------------+-------+----------+-----------------+


+-----------------------------------------------------+
; Post-Synthesis Netlist Statistics for Top Partition ;
+-----------------------+-----------------------------+
; Type                  ; Count                       ;
+-----------------------+-----------------------------+
; boundary_port         ; 14                          ;
; cycloneiii_ff         ; 207                         ;
;     CLR               ; 32                          ;
;     ENA CLR           ; 18                          ;
;     plain             ; 157                         ;
; cycloneiii_lcell_comb ; 323                         ;
;     arith             ; 183                         ;
;         2 data inputs ; 180                         ;
;         3 data inputs ; 3                           ;
;     normal            ; 140                         ;
;         0 data inputs ; 1                           ;
;         1 data inputs ; 9                           ;
;         2 data inputs ; 8                           ;
;         3 data inputs ; 43                          ;
;         4 data inputs ; 79                          ;
;                       ;                             ;
; Max LUT depth         ; 5.00                        ;
; Average LUT depth     ; 3.47                        ;
+-----------------------+-----------------------------+


+-------------------------------+
; Elapsed Time Per Partition    ;
+----------------+--------------+
; Partition Name ; Elapsed Time ;
+----------------+--------------+
; Top            ; 00:00:01     ;
+----------------+--------------+


+-------------------------------+
; Analysis & Synthesis Messages ;
+-------------------------------+
Info: *******************************************************************
Info: Running Quartus Prime Analysis & Synthesis
    Info: Version 20.1.0 Build 711 06/05/2020 SJ Lite Edition
    Info: Processing started: Wed May 31 13:01:00 2023
Info: Command: quartus_map --read_settings_files=on --write_settings_files=off Cerradura -c Cerradura
Warning (18236): Number of processors has not been specified which may cause overloading on shared machines.  Set the global assignment NUM_PARALLEL_PROCESSORS in your QSF to an appropriate value for best performance.
Info (20030): Parallel compilation is enabled and will use 4 of the 4 processors detected
Info (12021): Found 1 design units, including 0 entities, in source file fcv.vhd
    Info (12022): Found design unit 1: FCV File: D:/Digital/Proyecto/FPGACerradura/FCV.vhd Line: 1
Info (12021): Found 2 design units, including 1 entities, in source file main.vhd
    Info (12022): Found design unit 1: Main-Main_arch File: D:/Digital/Proyecto/FPGACerradura/Main.vhd Line: 29
    Info (12023): Found entity 1: Main File: D:/Digital/Proyecto/FPGACerradura/Main.vhd Line: 7
Info (12021): Found 2 design units, including 1 entities, in source file led.vhd
    Info (12022): Found design unit 1: LED-LED_arch File: D:/Digital/Proyecto/FPGACerradura/LED.vhd Line: 18
    Info (12023): Found entity 1: LED File: D:/Digital/Proyecto/FPGACerradura/LED.vhd Line: 7
Info (12021): Found 2 design units, including 1 entities, in source file clave.vhd
    Info (12022): Found design unit 1: CLAVE-CLAVE_arch File: D:/Digital/Proyecto/FPGACerradura/CLAVE.vhd Line: 20
    Info (12023): Found entity 1: CLAVE File: D:/Digital/Proyecto/FPGACerradura/CLAVE.vhd Line: 7
Info (12021): Found 2 design units, including 1 entities, in source file div_frec.vhd
    Info (12022): Found design unit 1: div_frec-divisor File: D:/Digital/Proyecto/FPGACerradura/div_frec.vhd Line: 18
    Info (12023): Found entity 1: div_frec File: D:/Digital/Proyecto/FPGACerradura/div_frec.vhd Line: 7
Info (12021): Found 2 design units, including 1 entities, in source file servo.vhd
    Info (12022): Found design unit 1: SERVO-SERVO_arch File: D:/Digital/Proyecto/FPGACerradura/SERVO.vhd Line: 19
    Info (12023): Found entity 1: SERVO File: D:/Digital/Proyecto/FPGACerradura/SERVO.vhd Line: 8
Info (12021): Found 2 design units, including 1 entities, in source file temporizador.vhd
    Info (12022): Found design unit 1: Temporizador-Temporizador_arch File: D:/Digital/Proyecto/FPGACerradura/Temporizador.vhd Line: 17
    Info (12023): Found entity 1: Temporizador File: D:/Digital/Proyecto/FPGACerradura/Temporizador.vhd Line: 7
Info (12021): Found 2 design units, including 1 entities, in source file huella.vhd
    Info (12022): Found design unit 1: Huella-Huella_arch File: D:/Digital/Proyecto/FPGACerradura/Huella.vhd Line: 19
    Info (12023): Found entity 1: Huella File: D:/Digital/Proyecto/FPGACerradura/Huella.vhd Line: 8
Info (12127): Elaborating entity "Main" for the top level hierarchy
Info (12128): Elaborating entity "div_frec" for hierarchy "div_frec:clkTemporizador" File: D:/Digital/Proyecto/FPGACerradura/Main.vhd Line: 114
Info (12128): Elaborating entity "Temporizador" for hierarchy "Temporizador:Reinicio" File: D:/Digital/Proyecto/FPGACerradura/Main.vhd Line: 115
Info (12128): Elaborating entity "CLAVE" for hierarchy "CLAVE:funcCLAVE" File: D:/Digital/Proyecto/FPGACerradura/Main.vhd Line: 124
Info (12128): Elaborating entity "LED" for hierarchy "LED:funcLED" File: D:/Digital/Proyecto/FPGACerradura/Main.vhd Line: 126
Info (12128): Elaborating entity "SERVO" for hierarchy "SERVO:pwm" File: D:/Digital/Proyecto/FPGACerradura/Main.vhd Line: 131
Info (12128): Elaborating entity "Huella" for hierarchy "Huella:Arduino" File: D:/Digital/Proyecto/FPGACerradura/Main.vhd Line: 139
Warning (13024): Output pins are stuck at VCC or GND
    Warning (13410): Pin "Arduino_on" is stuck at VCC File: D:/Digital/Proyecto/FPGACerradura/Main.vhd Line: 23
Info (286030): Timing-Driven Synthesis is running
Info (16010): Generating hard_block partition "hard_block:auto_generated_inst"
    Info (16011): Adding 0 node(s), including 0 DDIO, 0 PLL, 0 transceiver and 0 LCELL
Info (21057): Implemented 351 device resources after synthesis - the final resource count might be different
    Info (21058): Implemented 7 input pins
    Info (21059): Implemented 7 output pins
    Info (21061): Implemented 337 logic cells
Info: Quartus Prime Analysis & Synthesis was successful. 0 errors, 3 warnings
    Info: Peak virtual memory: 4783 megabytes
    Info: Processing ended: Wed May 31 13:01:11 2023
    Info: Elapsed time: 00:00:11
    Info: Total CPU time (on all processors): 00:00:20


